# JRE version: Java(TM) SE Runtime Environment (8.0_72-b15) (build 1.8.0_72-b15)
# Java VM: Java HotSpot(TM) 64-Bit Server VM (25.72-b15 mixed mode windows-amd64 compressed oops)
Heap:
 PSYoungGen      total 414208K, used 32393K [0x0000000780b80000, 0x00000007a0300000, 0x00000007c0000000)
  eden space 389120K, 4% used [0x0000000780b80000,0x0000000781c47698,0x0000000798780000)
  from space 25088K, 60% used [0x000000079a000000,0x000000079aedb0c0,0x000000079b880000)
  to   space 25088K, 0% used [0x0000000798780000,0x0000000798780000,0x000000079a000000)
 ParOldGen       total 168448K, used 47438K [0x0000000702200000, 0x000000070c680000, 0x0000000780b80000)
  object space 168448K, 28% used [0x0000000702200000,0x0000000705053970,0x000000070c680000)
 Metaspace       used 77176K, capacity 81646K, committed 81816K, reserved 1120256K
  class space    used 10295K, capacity 11082K, committed 11176K, reserved 1048576K
GC Heap History (10 events):
Event: 83.589 GC heap before
{Heap before GC invocations=15 (full 3):
 PSYoungGen      total 334848K, used 193968K [0x0000000780b80000, 0x000000079b780000, 0x00000007c0000000)
  eden space 313856K, 55% used [0x0000000780b80000,0x000000078b472278,0x0000000793e00000)
  from space 20992K, 99% used [0x0000000793e00000,0x000000079527a038,0x0000000795280000)
  to   space 24576K, 0% used [0x0000000799f80000,0x0000000799f80000,0x000000079b780000)
 ParOldGen       total 168448K, used 30733K [0x0000000702200000, 0x000000070c680000, 0x0000000780b80000)
  object space 168448K, 18% used [0x0000000702200000,0x0000000704003768,0x000000070c680000)
 Metaspace       used 74660K, capacity 78722K, committed 79000K, reserved 1118208K
  class space    used 10142K, capacity 10841K, committed 10920K, reserved 1048576K
Event: 83.609 GC heap after
Heap after GC invocations=15 (full 3):
 PSYoungGen      total 412160K, used 19067K [0x0000000780b80000, 0x000000079ba80000, 0x00000007c0000000)
  eden space 387584K, 0% used [0x0000000780b80000,0x0000000780b80000,0x0000000798600000)
  from space 24576K, 77% used [0x0000000799f80000,0x000000079b21ed08,0x000000079b780000)
  to   space 26112K, 0% used [0x0000000798600000,0x0000000798600000,0x0000000799f80000)
 ParOldGen       total 168448K, used 30741K [0x0000000702200000, 0x000000070c680000, 0x0000000780b80000)
  object space 168448K, 18% used [0x0000000702200000,0x0000000704005768,0x000000070c680000)
 Metaspace       used 74660K, capacity 78722K, committed 79000K, reserved 1118208K
  class space    used 10142K, capacity 10841K, committed 10920K, reserved 1048576K
}
Event: 83.609 GC heap before
{Heap before GC invocations=16 (full 4):
 PSYoungGen      total 412160K, used 19067K [0x0000000780b80000, 0x000000079ba80000, 0x00000007c0000000)
  eden space 387584K, 0% used [0x0000000780b80000,0x0000000780b80000,0x0000000798600000)
  from space 24576K, 77% used [0x0000000799f80000,0x000000079b21ed08,0x000000079b780000)
  to   space 26112K, 0% used [0x0000000798600000,0x0000000798600000,0x0000000799f80000)
 ParOldGen       total 168448K, used 30741K [0x0000000702200000, 0x000000070c680000, 0x0000000780b80000)
  object space 168448K, 18% used [0x0000000702200000,0x0000000704005768,0x000000070c680000)
 Metaspace       used 74660K, capacity 78722K, committed 79000K, reserved 1118208K
  class space    used 10142K, capacity 10841K, committed 10920K, reserved 1048576K
Event: 83.876 GC heap after
Heap after GC invocations=16 (full 4):
 PSYoungGen      total 412160K, used 0K [0x0000000780b80000, 0x000000079ba80000, 0x00000007c0000000)
  eden space 387584K, 0% used [0x0000000780b80000,0x0000000780b80000,0x0000000798600000)
  from space 24576K, 0% used [0x0000000799f80000,0x0000000799f80000,0x000000079b780000)
  to   space 26112K, 0% used [0x0000000798600000,0x0000000798600000,0x0000000799f80000)
 ParOldGen       total 168448K, used 40541K [0x0000000702200000, 0x000000070c680000, 0x0000000780b80000)
  object space 168448K, 24% used [0x0000000702200000,0x0000000704997780,0x000000070c680000)
 Metaspace       used 74660K, capacity 78722K, committed 79000K, reserved 1118208K
  class space    used 10142K, capacity 10841K, committed 10920K, reserved 1048576K
}
Event: 117.700 GC heap before
{Heap before GC invocations=17 (full 4):
 PSYoungGen      total 412160K, used 384401K [0x0000000780b80000, 0x000000079ba80000, 0x00000007c0000000)
  eden space 387584K, 99% used [0x0000000780b80000,0x00000007982e4638,0x0000000798600000)
  from space 24576K, 0% used [0x0000000799f80000,0x0000000799f80000,0x000000079b780000)
  to   space 26112K, 0% used [0x0000000798600000,0x0000000798600000,0x0000000799f80000)
 ParOldGen       total 168448K, used 40541K [0x0000000702200000, 0x000000070c680000, 0x0000000780b80000)
  object space 168448K, 24% used [0x0000000702200000,0x0000000704997780,0x000000070c680000)
 Metaspace       used 75881K, capacity 80216K, committed 80408K, reserved 1118208K
  class space    used 10226K, capacity 10981K, committed 11048K, reserved 1048576K
Event: 117.715 GC heap after
Heap after GC invocations=17 (full 4):
 PSYoungGen      total 413696K, used 12959K [0x0000000780b80000, 0x000000079b880000, 0x00000007c0000000)
  eden space 387584K, 0% used [0x0000000780b80000,0x0000000780b80000,0x0000000798600000)
  from space 26112K, 49% used [0x0000000798600000,0x00000007992a7db0,0x0000000799f80000)
  to   space 25088K, 0% used [0x000000079a000000,0x000000079a000000,0x000000079b880000)
 ParOldGen       total 168448K, used 40549K [0x0000000702200000, 0x000000070c680000, 0x0000000780b80000)
  object space 168448K, 24% used [0x0000000702200000,0x0000000704999780,0x000000070c680000)
 Metaspace       used 75881K, capacity 80216K, committed 80408K, reserved 1118208K
  class space    used 10226K, capacity 10981K, committed 11048K, reserved 1048576K
}
Event: 117.715 GC heap before
{Heap before GC invocations=18 (full 5):
 PSYoungGen      total 413696K, used 12959K [0x0000000780b80000, 0x000000079b880000, 0x00000007c0000000)
  eden space 387584K, 0% used [0x0000000780b80000,0x0000000780b80000,0x0000000798600000)
  from space 26112K, 49% used [0x0000000798600000,0x00000007992a7db0,0x0000000799f80000)
  to   space 25088K, 0% used [0x000000079a000000,0x000000079a000000,0x000000079b880000)
 ParOldGen       total 168448K, used 40549K [0x0000000702200000, 0x000000070c680000, 0x0000000780b80000)
  object space 168448K, 24% used [0x0000000702200000,0x0000000704999780,0x000000070c680000)
 Metaspace       used 75881K, capacity 80216K, committed 80408K, reserved 1118208K
  class space    used 10226K, capacity 10981K, committed 11048K, reserved 1048576K
Event: 118.099 GC heap after
Heap after GC invocations=18 (full 5):
 PSYoungGen      total 413696K, used 0K [0x0000000780b80000, 0x000000079b880000, 0x00000007c0000000)
  eden space 387584K, 0% used [0x0000000780b80000,0x0000000780b80000,0x0000000798600000)
  from space 26112K, 0% used [0x0000000798600000,0x0000000798600000,0x0000000799f80000)
  to   space 25088K, 0% used [0x000000079a000000,0x000000079a000000,0x000000079b880000)
 ParOldGen       total 168448K, used 47430K [0x0000000702200000, 0x000000070c680000, 0x0000000780b80000)
  object space 168448K, 28% used [0x0000000702200000,0x0000000705051970,0x000000070c680000)
 Metaspace       used 75881K, capacity 80216K, committed 80408K, reserved 1118208K
  class space    used 10226K, capacity 10981K, committed 11048K, reserved 1048576K
}
Event: 312.000 GC heap before
{Heap before GC invocations=19 (full 5):
 PSYoungGen      total 413696K, used 387584K [0x0000000780b80000, 0x000000079b880000, 0x00000007c0000000)
  eden space 387584K, 100% used [0x0000000780b80000,0x0000000798600000,0x0000000798600000)
  from space 26112K, 0% used [0x0000000798600000,0x0000000798600000,0x0000000799f80000)
  to   space 25088K, 0% used [0x000000079a000000,0x000000079a000000,0x000000079b880000)
 ParOldGen       total 168448K, used 47430K [0x0000000702200000, 0x000000070c680000, 0x0000000780b80000)
  object space 168448K, 28% used [0x0000000702200000,0x0000000705051970,0x000000070c680000)
 Metaspace       used 77150K, capacity 81582K, committed 81816K, reserved 1120256K
  class space    used 10293K, capacity 11082K, committed 11176K, reserved 1048576K
Event: 312.020 GC heap after
Heap after GC invocations=19 (full 5):
 PSYoungGen      total 414208K, used 15212K [0x0000000780b80000, 0x00000007a0300000, 0x00000007c0000000)
  eden space 389120K, 0% used [0x0000000780b80000,0x0000000780b80000,0x0000000798780000)
  from space 25088K, 60% used [0x000000079a000000,0x000000079aedb0c0,0x000000079b880000)
  to   space 25088K, 0% used [0x0000000798780000,0x0000000798780000,0x000000079a000000)
 ParOldGen       total 168448K, used 47438K [0x0000000702200000, 0x000000070c680000, 0x0000000780b80000)
  object space 168448K, 28% used [0x0000000702200000,0x0000000705053970,0x000000070c680000)
 Metaspace       used 77150K, capacity 81582K, committed 81816K, reserved 1120256K
  class space    used 10293K, capacity 11082K, committed 11176K, reserved 1048576K
}

